<?xml version="1.0" encoding="UTF-8"?>
<testng-results ignored="0" total="1" passed="1" failed="0" skipped="0">
  <reporter-output>
  </reporter-output>
  <suite started-at="2022-05-07T12:05:38 IST" name="Default suite" finished-at="2022-05-07T12:06:56 IST" duration-ms="77549">
    <groups>
    </groups>
    <test started-at="2022-05-07T12:05:38 IST" name="Default test" finished-at="2022-05-07T12:06:56 IST" duration-ms="77549">
      <class name="seleniumprograms.PWindowHandel">
        <test-method is-config="true" signature="launch()[pri:0, instance:seleniumprograms.PWindowHandel@40ef3420]" started-at="2022-05-07T12:05:38 IST" name="launch" finished-at="2022-05-07T12:06:54 IST" duration-ms="75322" status="PASS">
          <reporter-output>
          </reporter-output>
        </test-method> <!-- launch -->
        <test-method signature="switchToAnotherWindow()[pri:0, instance:seleniumprograms.PWindowHandel@40ef3420]" started-at="2022-05-07T12:06:54 IST" name="switchToAnotherWindow" finished-at="2022-05-07T12:06:56 IST" duration-ms="1849" status="PASS">
          <reporter-output>
          </reporter-output>
        </test-method> <!-- switchToAnotherWindow -->
      </class> <!-- seleniumprograms.PWindowHandel -->
    </test> <!-- Default test -->
  </suite> <!-- Default suite -->
</testng-results>
